Mobile-application-development-lab5/app/build/intermediates/manifest_merge_blame_file/debug/manifest-merger-blame-debug-report.txt
1<?xml version="1.0" encoding="utf-8"?>
2<manifest xmlns:android="http://schemas.android.com/apk/res/android"
3    package="com.cxmv.lab4"
4    android:versionCode="1"
5    android:versionName="1.0" >
6
7    <uses-sdk
8        android:minSdkVersion="24"
8-->src\main\AndroidManifest.xml
9        android:targetSdkVersion="33" />
9-->src\main\AndroidManifest.xml
10
11    <application
11-->src\main\AndroidManifest.xml:5:5-24:19
12        android:allowBackup="true"
12-->src\main\AndroidManifest.xml:6:9-35
13        android:appComponentFactory="androidx.core.app.CoreComponentFactory"
13-->[androidx.core:core:1.8.0] AndroidManifest.xml:24:18-86
14        android:dataExtractionRules="@xml/data_extraction_rules"
14-->src\main\AndroidManifest.xml:7:9-65
15        android:debuggable="true"
16        android:extractNativeLibs="false"
17        android:fullBackupContent="@xml/backup_rules"
17-->src\main\AndroidManifest.xml:8:9-54
18        android:icon="@mipmap/ic_launcher"
18-->src\main\AndroidManifest.xml:9:9-43
19        android:label="@string/app_name"
19-->src\main\AndroidManifest.xml:10:9-41
20        android:supportsRtl="true"
20-->src\main\AndroidManifest.xml:11:9-35
21        android:testOnly="true"
22        android:theme="@style/Theme.Test" >
22-->src\main\AndroidManifest.xml:12:9-42
23        <activity
23-->src\main\AndroidManifest.xml:14:9-23:20
24            android:name="com.cxmv.lab4.MainActivity"
24-->src\main\AndroidManifest.xml:15:13-41
25            android:exported="true"
25-->src\main\AndroidManifest.xml:16:13-36
26            android:label="@string/app_name"
26-->src\main\AndroidManifest.xml:17:13-45
27            android:theme="@style/Theme.Test" >
27-->src\main\AndroidManifest.xml:18:13-46
28            <intent-filter>
28-->src\main\AndroidManifest.xml:19:13-22:29
29                <action android:name="android.intent.action.MAIN" />
29-->src\main\AndroidManifest.xml:20:17-69
29-->src\main\AndroidManifest.xml:20:25-66
30
31                <category android:name="android.intent.category.LAUNCHER" />
31-->src\main\AndroidManifest.xml:21:17-77
31-->src\main\AndroidManifest.xml:21:27-74
32            </intent-filter>
33        </activity>
34
35        <service
35-->[androidx.room:room-runtime:2.5.1] AndroidManifest.xml:24:9-28:63
36            android:name="androidx.room.MultiInstanceInvalidationService"
36-->[androidx.room:room-runtime:2.5.1] AndroidManifest.xml:25:13-74
37            android:directBootAware="true"
37-->[androidx.room:room-runtime:2.5.1] AndroidManifest.xml:26:13-43
38            android:exported="false" />
38-->[androidx.room:room-runtime:2.5.1] AndroidManifest.xml:27:13-37
39
40        <provider
40-->[androidx.profileinstaller:profileinstaller:1.3.0] AndroidManifest.xml:24:9-32:20
41            android:name="androidx.startup.InitializationProvider"
41-->[androidx.profileinstaller:profileinstaller:1.3.0] AndroidManifest.xml:25:13-67
42            android:authorities="com.cxmv.lab4.androidx-startup"
42-->[androidx.profileinstaller:profileinstaller:1.3.0] AndroidManifest.xml:26:13-68
43            android:exported="false" >
43-->[androidx.profileinstaller:profileinstaller:1.3.0] AndroidManifest.xml:27:13-37
44            <meta-data
44-->[androidx.profileinstaller:profileinstaller:1.3.0] AndroidManifest.xml:29:13-31:52
45                android:name="androidx.profileinstaller.ProfileInstallerInitializer"
45-->[androidx.profileinstaller:profileinstaller:1.3.0] AndroidManifest.xml:30:17-85
46                android:value="androidx.startup" />
46-->[androidx.profileinstaller:profileinstaller:1.3.0] AndroidManifest.xml:31:17-49
47        </provider>
48
49        <receiver
49-->[androidx.profileinstaller:profileinstaller:1.3.0] AndroidManifest.xml:34:9-52:20
50            android:name="androidx.profileinstaller.ProfileInstallReceiver"
50-->[androidx.profileinstaller:profileinstaller:1.3.0] AndroidManifest.xml:35:13-76
51            android:directBootAware="false"
51-->[androidx.profileinstaller:profileinstaller:1.3.0] AndroidManifest.xml:36:13-44
52            android:enabled="true"
52-->[androidx.profileinstaller:profileinstaller:1.3.0] AndroidManifest.xml:37:13-35
53            android:exported="true"
53-->[androidx.profileinstaller:profileinstaller:1.3.0] AndroidManifest.xml:38:13-36
54            android:permission="android.permission.DUMP" >
54-->[androidx.profileinstaller:profileinstaller:1.3.0] AndroidManifest.xml:39:13-57
55            <intent-filter>
55-->[androidx.profileinstaller:profileinstaller:1.3.0] AndroidManifest.xml:40:13-42:29
56                <action android:name="androidx.profileinstaller.action.INSTALL_PROFILE" />
56-->[androidx.profileinstaller:profileinstaller:1.3.0] AndroidManifest.xml:41:17-91
56-->[androidx.profileinstaller:profileinstaller:1.3.0] AndroidManifest.xml:41:25-88
57            </intent-filter>
58            <intent-filter>
58-->[androidx.profileinstaller:profileinstaller:1.3.0] AndroidManifest.xml:43:13-45:29
59                <action android:name="androidx.profileinstaller.action.SKIP_FILE" />
59-->[androidx.profileinstaller:profileinstaller:1.3.0] AndroidManifest.xml:44:17-85
59-->[androidx.profileinstaller:profileinstaller:1.3.0] AndroidManifest.xml:44:25-82
60            </intent-filter>
61            <intent-filter>
61-->[androidx.profileinstaller:profileinstaller:1.3.0] AndroidManifest.xml:46:13-48:29
62                <action android:name="androidx.profileinstaller.action.SAVE_PROFILE" />
62-->[androidx.profileinstaller:profileinstaller:1.3.0] AndroidManifest.xml:47:17-88
62-->[androidx.profileinstaller:profileinstaller:1.3.0] AndroidManifest.xml:47:25-85
63            </intent-filter>
64            <intent-filter>
64-->[androidx.profileinstaller:profileinstaller:1.3.0] AndroidManifest.xml:49:13-51:29
65                <action android:name="androidx.profileinstaller.action.BENCHMARK_OPERATION" />
65-->[androidx.profileinstaller:profileinstaller:1.3.0] AndroidManifest.xml:50:17-95
65-->[androidx.profileinstaller:profileinstaller:1.3.0] AndroidManifest.xml:50:25-92
66            </intent-filter>
67        </receiver>
68    </application>
69
70</manifest>